2025-07-23 23:01:01 - https://discord.gift/1Z6GtnSmXe1etJXB
2025-07-23 23:01:01 - https://discord.gift/oHsfMRGQlm7oXHiQ
2025-07-23 23:01:01 - https://discord.gift/fGiiSP4R5WDUpqRU
2025-07-23 23:01:01 - https://discord.gift/H3z1z7x9pdQsHWBU
2025-07-23 23:01:02 - https://discord.gift/ajRI0tSeM0030a5X
2025-07-23 23:01:02 - https://discord.gift/n4EhXP7w11jvXYGN
2025-07-23 23:01:02 - https://discord.gift/6nuDybHVQyzSDpTg
2025-07-23 23:01:02 - https://discord.gift/rxPWTnqF9SAGwBk1
2025-07-23 23:01:02 - https://discord.gift/AM5jGYGLZcnsBT9y
2025-07-23 23:01:02 - https://discord.gift/YoyiDk0NkgdLCwwA
2025-07-23 23:01:12 - https://discord.gift/LR4bJ1DVq6rqtUyO
2025-07-23 23:01:12 - https://discord.gift/5SW68bd7FWC0jqMD
2025-07-23 23:01:12 - https://discord.gift/4nW4auoJgmizyo2i
2025-07-23 23:01:12 - https://discord.gift/wI1o2FVOsoKbTF6v
2025-07-23 23:01:12 - https://discord.gift/dbp56aFTsUfkGBnA
2025-07-23 23:01:13 - https://discord.gift/1VkCfNJJw2WfBwH8
2025-07-23 23:01:13 - https://discord.gift/CMiBg1ZjOc2OtMRD
2025-07-23 23:01:13 - https://discord.gift/E9X6rrxe6rNiAjm2
2025-07-23 23:01:13 - https://discord.gift/QvqauQgdIp1lTHp3
2025-07-23 23:01:13 - https://discord.gift/USjSkYEeG7cLUVUx
2025-07-23 23:01:13 - https://discord.gift/NKBH1AibKPYSpYFU
2025-07-23 23:01:14 - https://discord.gift/O8bHk5x89gTxHc3x
2025-07-23 23:01:14 - https://discord.gift/dcuTiCV7nWxJUAxY
2025-07-23 23:01:14 - https://discord.gift/ZqBBYn4wAoP38n9e
2025-07-23 23:01:14 - https://discord.gift/U9EpQhPCdISgzdQi
2025-07-23 23:01:14 - https://discord.gift/UpqzxExyEMVEgnVi
2025-07-23 23:01:15 - https://discord.gift/JxUjQ1TvZNPvLDz1
2025-07-23 23:01:15 - https://discord.gift/6EYToT9m5Jrrjo8E
2025-07-23 23:01:15 - https://discord.gift/4Sgj0WsmWN7aiZRb
2025-07-23 23:01:15 - https://discord.gift/dYnCXR9pLa8jRqQp
2025-07-23 23:01:15 - https://discord.gift/qWLXZAZMOHOXDG2H
2025-07-23 23:01:15 - https://discord.gift/zZCnDVZ78QCBq5B1
2025-07-23 23:01:16 - https://discord.gift/MFbDQJU8Aex4vrVr
2025-07-23 23:01:16 - https://discord.gift/QcDhHd1d1ltT9g3k
2025-07-23 23:01:16 - https://discord.gift/70halGPN1Nw9dKX6
2025-07-23 23:01:16 - https://discord.gift/cUqb0IjuecTu1Qze
2025-07-23 23:01:16 - https://discord.gift/GMHDhDZveXLiHNoQ
2025-07-23 23:01:16 - https://discord.gift/9u9Q9GfNRVAmHcR5
2025-07-23 23:01:17 - https://discord.gift/bPZlvkRFHOKWHHD7
2025-07-23 23:01:17 - https://discord.gift/a28pTP94Lm33rUb2
2025-07-23 23:01:17 - https://discord.gift/K3LHpANEW56yjNLl
2025-07-23 23:01:17 - https://discord.gift/eDqlawiRvDIkafja
2025-07-23 23:01:17 - https://discord.gift/k8kK53dazE8DjCQR
2025-07-23 23:01:18 - https://discord.gift/8pCOHbd60pHiPOH2
2025-07-23 23:01:18 - https://discord.gift/cEgmHVSp2HaSTbru
2025-07-23 23:01:18 - https://discord.gift/H7TbpWdpEK6JogaC
2025-07-23 23:01:18 - https://discord.gift/stD0qrddBOBlik2e
2025-07-23 23:01:19 - https://discord.gift/sm1QuU9HRFvviPX5
2025-07-23 23:01:19 - https://discord.gift/7wIirkKe2kXdc5RT
2025-07-23 23:01:19 - https://discord.gift/OIxzbOg7lCQdNvy3
2025-07-23 23:01:19 - https://discord.gift/SlRgtYouiTbECodX
2025-07-23 23:01:19 - https://discord.gift/QVuJXlg96Uhph2pc
2025-07-23 23:01:19 - https://discord.gift/T8qNNxe3P6HDe1nz
2025-07-23 23:01:20 - https://discord.gift/w4A7FgwYDEdCzMaw
2025-07-23 23:01:20 - https://discord.gift/MqaB2m2svc6dNcAs
2025-07-23 23:01:20 - https://discord.gift/aeTGBqpAHNUHo795
2025-07-23 23:01:20 - https://discord.gift/AwpSmTN0UAqJh2KR
2025-07-23 23:01:20 - https://discord.gift/kI7jz9R5A9OskXzi
2025-07-23 23:01:20 - https://discord.gift/ASXFWmxptvmS0RC7
2025-07-23 23:01:21 - https://discord.gift/NqFnxGBITBDkPNo3
2025-07-23 23:01:21 - https://discord.gift/9nVjBJR6RGN4GAm9
2025-07-23 23:01:21 - https://discord.gift/pbcAuwDxYGBrJgrn
2025-07-23 23:01:21 - https://discord.gift/0Dgg590FLLY6jTGE
2025-07-23 23:01:21 - https://discord.gift/LHg7KISwmpTlm8sQ
2025-07-23 23:01:22 - https://discord.gift/WTXiAWp5TNumBS5R
2025-07-23 23:01:22 - https://discord.gift/M5FFGr4YpA2POfyK
2025-07-23 23:01:22 - https://discord.gift/UjiJLoyG6mxXeVfp
2025-07-23 23:01:22 - https://discord.gift/vZAyWRYNAZSgJ0ru
2025-07-23 23:01:22 - https://discord.gift/kHJQWsr44LMOEvuR
2025-07-23 23:01:23 - https://discord.gift/Uo1kGrDoFhTOlG5w
2025-07-23 23:01:23 - https://discord.gift/87sXjdqm0J7uwAPI
2025-07-23 23:01:23 - https://discord.gift/opXokypb2yDRLaQb
2025-07-23 23:01:23 - https://discord.gift/oGNgZytmmpUZfVZS
2025-07-23 23:01:23 - https://discord.gift/md743LhBEItFFpcc
2025-07-23 23:01:24 - https://discord.gift/xIwctnK7nk4JrliI
2025-07-23 23:01:24 - https://discord.gift/byELCvwcyrCFwKlL
2025-07-23 23:01:24 - https://discord.gift/VGeMl5V4GhQehU7Q
2025-07-23 23:01:24 - https://discord.gift/8kQYMTWPGTWajw4s
2025-07-23 23:01:24 - https://discord.gift/gjEiaolMH0tGLaSg
2025-07-23 23:01:24 - https://discord.gift/QFmfVLhW7Ape9QhC
2025-07-23 23:01:25 - https://discord.gift/R7G4sn8qMHB4YHxO
2025-07-23 23:01:25 - https://discord.gift/Q2f9UcSqwNL3GwGt
2025-07-23 23:01:25 - https://discord.gift/vcvOztMB998jdgT5
2025-07-23 23:01:25 - https://discord.gift/ff531Lt5x6b37x03
2025-07-23 23:01:25 - https://discord.gift/xNcsXrpQvzLGrjKI
2025-07-23 23:01:25 - https://discord.gift/F0G8S80kAWj3DAAf
2025-07-23 23:01:26 - https://discord.gift/lgXRyYNGjloT4iEK
2025-07-23 23:01:26 - https://discord.gift/kzWf5B6Vs8rNx7nn
2025-07-23 23:01:26 - https://discord.gift/CSyaYDrPh560UWIJ
2025-07-23 23:01:26 - https://discord.gift/ilzsucpkDm372KTl
2025-07-23 23:01:26 - https://discord.gift/awkfofz9ZfOTgOev
2025-07-23 23:01:26 - https://discord.gift/6jMPonjiiSUdoAmF
2025-07-23 23:01:26 - https://discord.gift/HLGwdYRTSLHImuHB
2025-07-23 23:01:26 - https://discord.gift/UIedkZJ0cFKgdTnV
2025-07-23 23:01:26 - https://discord.gift/WDCK7RAZkJWAIPTp
2025-07-23 23:01:26 - https://discord.gift/4MDhvYKn08KVVV7K
2025-07-23 23:01:26 - https://discord.gift/hxtoFCLm8lIgIwra
2025-07-23 23:01:26 - https://discord.gift/rPyJRqfmc9flCac4
2025-07-23 23:01:26 - https://discord.gift/N2ADmH4n1NlDy2F8
2025-07-23 23:01:27 - https://discord.gift/MirUIGpjx0q5k9nl
2025-07-23 23:01:27 - https://discord.gift/4Ils0CtUhP5F89eT
2025-07-23 23:01:27 - https://discord.gift/S3Hra8PXiKnVOy9X
2025-07-23 23:01:27 - https://discord.gift/2BVe5sKMW5GWnRoW
2025-07-23 23:01:27 - https://discord.gift/pMe5SxiS6dmJSuhO
2025-07-23 23:01:27 - https://discord.gift/3wR3aulMBAkDLMJW
2025-07-23 23:01:27 - https://discord.gift/hDO9d7RRBoVQfDdZ
2025-07-23 23:01:27 - https://discord.gift/8cSZZmMyWSVB7xhK
2025-07-23 23:01:27 - https://discord.gift/YcGSGSLlwgin92ts
2025-07-23 23:01:27 - https://discord.gift/0jE3Yoa35ZHSexnx
2025-07-23 23:01:27 - https://discord.gift/c6S3tPHIuzI3e0yC
2025-07-23 23:01:27 - https://discord.gift/XaXXawdarCl70DTm
2025-07-23 23:01:27 - https://discord.gift/YN0A18M4C70ZvMu4
2025-07-23 23:01:27 - https://discord.gift/Xr4yxjnfdGTPoRPp
2025-07-23 23:01:28 - https://discord.gift/p8UtKigY0H109REO
2025-07-23 23:01:28 - https://discord.gift/iNg8lwRRPkjkqHxC
2025-07-23 23:01:28 - https://discord.gift/gvY8D5695eq4pjMr
2025-07-23 23:01:28 - https://discord.gift/xswMyITKVNeifocT
2025-07-23 23:01:28 - https://discord.gift/dnG2o0hbmnhYjujX
2025-07-23 23:01:28 - https://discord.gift/Bkzf730ZuU0yLrlR
2025-07-23 23:01:28 - https://discord.gift/uFTi8xMgy7payM5B
2025-07-23 23:01:28 - https://discord.gift/jClVZTCsaqhftGcr
2025-07-23 23:01:28 - https://discord.gift/hJiQqPMFYJfjyPjP
2025-07-23 23:01:28 - https://discord.gift/r9YMVNQOoV7EiS0q
2025-07-23 23:01:28 - https://discord.gift/XocFXBFFB1vZfFpy
2025-07-23 23:01:28 - https://discord.gift/Hb6MWpW0GtirDRET
2025-07-23 23:01:29 - https://discord.gift/JIkA6SjHOQ7Snaaf
2025-07-23 23:01:29 - https://discord.gift/LypaK9BzkN20SPrq
2025-07-23 23:01:29 - https://discord.gift/QrWnUcQGD8Cks1Lb
2025-07-23 23:01:29 - https://discord.gift/WpKFV0Xgqr0xc6CY
2025-07-23 23:01:29 - https://discord.gift/gzGEAev5bYMNBrUu
2025-07-23 23:01:29 - https://discord.gift/F3BaO0jWxSinknm4
2025-07-23 23:01:29 - https://discord.gift/0FZs2rsnCyhBQhB5
2025-07-23 23:01:29 - https://discord.gift/AVsRFoeQWAOxnd2B
2025-07-23 23:01:30 - https://discord.gift/a0i4zgg7lcVkDivN
2025-07-23 23:01:30 - https://discord.gift/ueWIaNBfn02u3Hp8
2025-07-23 23:01:30 - https://discord.gift/P7iDhLTZLlFkRgM2
2025-07-23 23:01:30 - https://discord.gift/2mHbF7kbc0LmmDyp
2025-07-23 23:01:30 - https://discord.gift/hoLFUFZmG1JdDIV0
2025-07-23 23:01:30 - https://discord.gift/VpgUXMWwXWPSMa2w
2025-07-23 23:01:30 - https://discord.gift/wrA91aaGVpG9JEI1
2025-07-23 23:01:30 - https://discord.gift/p5LAAImnLHuDdXxK
2025-07-23 23:01:31 - https://discord.gift/VRcP9gbQETdH25o1
2025-07-23 23:01:31 - https://discord.gift/jRnZFkbWl29Hr2GK
2025-07-23 23:01:31 - https://discord.gift/ppUpoazDY2547Kho
2025-07-23 23:01:31 - https://discord.gift/IcRAEFEan626IeLc
2025-07-23 23:01:31 - https://discord.gift/bWdo2xLA99cCeHS8
2025-07-23 23:01:31 - https://discord.gift/X60eI9uKk9NsBnBS
2025-07-23 23:01:31 - https://discord.gift/reKELwJ6ETvZvDoO
2025-07-23 23:01:31 - https://discord.gift/0TYEvN8LwqBvBU9a
2025-07-23 23:01:31 - https://discord.gift/rkM2fBd0vjUVEY9n
2025-07-23 23:01:31 - https://discord.gift/dfLHIG0I1vIL9xaT
2025-07-23 23:01:32 - https://discord.gift/5Kg0Q8UmmHQmIUNP
2025-07-23 23:01:32 - https://discord.gift/C4pasemiooWqWUMz
2025-07-23 23:01:32 - https://discord.gift/KYjiFuXwxwNAFNK2
2025-07-23 23:01:32 - https://discord.gift/gIUgk0DZ6yFcFYZJ
2025-07-23 23:01:32 - https://discord.gift/MEZwelDrnSJkM1ty
2025-07-23 23:01:32 - https://discord.gift/uaEZuCohGkWBEcvd
2025-07-23 23:01:32 - https://discord.gift/g4GKdCXqm9YCTBhV
2025-07-23 23:01:33 - https://discord.gift/ZDx2cN5lfgEYDDh1
2025-07-23 23:01:33 - https://discord.gift/nEuNu5b2asr0Brj6
2025-07-23 23:01:33 - https://discord.gift/8ctIPF2PqBS1Bobr
2025-07-23 23:01:33 - https://discord.gift/PBaDJSlVUc0pRXqF
2025-07-23 23:01:33 - https://discord.gift/wwsENY42SjIfzcis
2025-07-23 23:01:33 - https://discord.gift/9cGcTpbS0tDsihBL
2025-07-23 23:01:33 - https://discord.gift/acKtuuq0huLNKz7b
2025-07-23 23:01:33 - https://discord.gift/QuCoS0EC06mNb3Lz
2025-07-23 23:01:33 - https://discord.gift/ZbzvAPfxRr1WoM5z
2025-07-23 23:01:34 - https://discord.gift/3tpuUjdudbvXac94
2025-07-23 23:01:34 - https://discord.gift/MzbvJ19OqjZtO0IU
2025-07-23 23:01:34 - https://discord.gift/FZTrWrIWKLj03AJh
2025-07-23 23:01:34 - https://discord.gift/D5cgv7Wm6Asb063O
2025-07-23 23:01:34 - https://discord.gift/kRM4xyTpinHJwDgr
2025-07-23 23:01:34 - https://discord.gift/0lBmsTiRlfl3JV00
2025-07-23 23:01:34 - https://discord.gift/90CgXmm5SzMHmkN5
2025-07-23 23:01:34 - https://discord.gift/5EPQi6zSaUgkIA2z
2025-07-23 23:01:34 - https://discord.gift/4uyGNWkxMO9HYlQN
2025-07-23 23:01:34 - https://discord.gift/MKbiYi3OKwnZ4Na7
2025-07-23 23:01:35 - https://discord.gift/iArHJFvsAtuwoOhy
2025-07-23 23:01:35 - https://discord.gift/2w2xhw17KUtiLn1u
2025-07-23 23:01:35 - https://discord.gift/FTSxKGlpCLiAKN6d
2025-07-23 23:01:35 - https://discord.gift/Yy5yMzdlUiGig7la
2025-07-23 23:01:35 - https://discord.gift/biMnNL7vMb0OolC9
2025-07-23 23:01:35 - https://discord.gift/BE5ynz3OXxTKnLsU
2025-07-23 23:01:36 - https://discord.gift/PrdEDVAFMaqCO8C4
